<?xml version="1.0" encoding="UTF-8" ?>
<testsuite failures="0" time="0.893" errors="0" skipped="0" tests="2" name="uk.co.optimisticpanda.dropwizard.commands.RunScriptCommandTest">
  <properties>
    <property name="java.runtime.name" value="Java(TM) SE Runtime Environment"/>
    <property name="sun.boot.library.path" value="/home/alee/bin/jdk1.6.0_25/jre/lib/i386"/>
    <property name="java.vm.version" value="20.0-b11"/>
    <property name="java.vm.vendor" value="Sun Microsystems Inc."/>
    <property name="java.vendor.url" value="http://java.sun.com/"/>
    <property name="path.separator" value=":"/>
    <property name="java.vm.name" value="Java HotSpot(TM) Server VM"/>
    <property name="file.encoding.pkg" value="sun.io"/>
    <property name="user.country" value="GB"/>
    <property name="sun.java.launcher" value="SUN_STANDARD"/>
    <property name="sun.os.patch.level" value="unknown"/>
    <property name="java.vm.specification.name" value="Java Virtual Machine Specification"/>
    <property name="user.dir" value="/home/alee/workspaces/fructifier/dropwizard-dbdeploy"/>
    <property name="java.runtime.version" value="1.6.0_25-b06"/>
    <property name="java.awt.graphicsenv" value="sun.awt.X11GraphicsEnvironment"/>
    <property name="basedir" value="/home/alee/workspaces/fructifier/dropwizard-dbdeploy"/>
    <property name="java.endorsed.dirs" value="/home/alee/bin/jdk1.6.0_25/jre/lib/endorsed"/>
    <property name="os.arch" value="i386"/>
    <property name="surefire.real.class.path" value="/home/alee/workspaces/fructifier/dropwizard-dbdeploy/target/surefire/surefirebooter2579720918411748487.jar:/home/alee/.m2/repository/org/jacoco/org.jacoco.agent/0.6.2.201302030002/org.jacoco.agent-0.6.2.201302030002-runtime.jar"/>
    <property name="java.io.tmpdir" value="/tmp"/>
    <property name="line.separator" value="
"/>
    <property name="java.vm.specification.vendor" value="Sun Microsystems Inc."/>
    <property name="os.name" value="Linux"/>
    <property name="sun.jnu.encoding" value="UTF-8"/>
    <property name="java.library.path" value="/home/alee/bin/jdk1.6.0_25/jre/lib/i386/server:/home/alee/bin/jdk1.6.0_25/jre/lib/i386:/home/alee/bin/jdk1.6.0_25/jre/../lib/i386:/usr/lib/jvm/java-6-openjdk-i386/jre/lib/i386/client:/usr/lib/jvm/java-6-openjdk-i386/jre/lib/i386::/usr/java/packages/lib/i386:/lib:/usr/lib"/>
    <property name="surefire.test.class.path" value="/home/alee/workspaces/fructifier/dropwizard-dbdeploy/target/test-classes:/home/alee/workspaces/fructifier/dropwizard-dbdeploy/target/classes:/home/alee/.m2/repository/com/yammer/dropwizard/dropwizard-core/0.6.1/dropwizard-core-0.6.1.jar:/home/alee/.m2/repository/com/sun/jersey/jersey-core/1.15/jersey-core-1.15.jar:/home/alee/.m2/repository/com/sun/jersey/jersey-server/1.15/jersey-server-1.15.jar:/home/alee/.m2/repository/asm/asm/3.1/asm-3.1.jar:/home/alee/.m2/repository/com/sun/jersey/jersey-servlet/1.15/jersey-servlet-1.15.jar:/home/alee/.m2/repository/com/yammer/metrics/metrics-core/2.2.0/metrics-core-2.2.0.jar:/home/alee/.m2/repository/com/yammer/metrics/metrics-servlet/2.2.0/metrics-servlet-2.2.0.jar:/home/alee/.m2/repository/com/yammer/metrics/metrics-jetty/2.2.0/metrics-jetty-2.2.0.jar:/home/alee/.m2/repository/com/yammer/metrics/metrics-logback/2.2.0/metrics-logback-2.2.0.jar:/home/alee/.m2/repository/com/yammer/metrics/metrics-jersey/2.2.0/metrics-jersey-2.2.0.jar:/home/alee/.m2/repository/com/yammer/metrics/metrics-annotation/2.2.0/metrics-annotation-2.2.0.jar:/home/alee/.m2/repository/com/fasterxml/jackson/core/jackson-databind/2.1.1/jackson-databind-2.1.1.jar:/home/alee/.m2/repository/com/fasterxml/jackson/core/jackson-annotations/2.1.1/jackson-annotations-2.1.1.jar:/home/alee/.m2/repository/com/fasterxml/jackson/core/jackson-core/2.1.1/jackson-core-2.1.1.jar:/home/alee/.m2/repository/com/fasterxml/jackson/jaxrs/jackson-jaxrs-json-provider/2.1.1/jackson-jaxrs-json-provider-2.1.1.jar:/home/alee/.m2/repository/com/fasterxml/jackson/module/jackson-module-jaxb-annotations/2.1.1/jackson-module-jaxb-annotations-2.1.1.jar:/home/alee/.m2/repository/com/fasterxml/jackson/dataformat/jackson-dataformat-yaml/2.1.1/jackson-dataformat-yaml-2.1.1.jar:/home/alee/.m2/repository/com/fasterxml/jackson/datatype/jackson-datatype-guava/2.1.1/jackson-datatype-guava-2.1.1.jar:/home/alee/.m2/repository/net/sourceforge/argparse4j/argparse4j/0.2.2/argparse4j-0.2.2.jar:/home/alee/.m2/repository/org/slf4j/slf4j-api/1.7.2/slf4j-api-1.7.2.jar:/home/alee/.m2/repository/org/slf4j/jul-to-slf4j/1.7.2/jul-to-slf4j-1.7.2.jar:/home/alee/.m2/repository/ch/qos/logback/logback-core/1.0.7/logback-core-1.0.7.jar:/home/alee/.m2/repository/ch/qos/logback/logback-classic/1.0.7/logback-classic-1.0.7.jar:/home/alee/.m2/repository/org/slf4j/log4j-over-slf4j/1.7.2/log4j-over-slf4j-1.7.2.jar:/home/alee/.m2/repository/org/eclipse/jetty/jetty-server/8.1.8.v20121106/jetty-server-8.1.8.v20121106.jar:/home/alee/.m2/repository/org/eclipse/jetty/orbit/javax.servlet/3.0.0.v201112011016/javax.servlet-3.0.0.v201112011016.jar:/home/alee/.m2/repository/org/eclipse/jetty/jetty-continuation/8.1.8.v20121106/jetty-continuation-8.1.8.v20121106.jar:/home/alee/.m2/repository/org/eclipse/jetty/jetty-servlet/8.1.8.v20121106/jetty-servlet-8.1.8.v20121106.jar:/home/alee/.m2/repository/org/eclipse/jetty/jetty-security/8.1.8.v20121106/jetty-security-8.1.8.v20121106.jar:/home/alee/.m2/repository/org/eclipse/jetty/jetty-http/8.1.8.v20121106/jetty-http-8.1.8.v20121106.jar:/home/alee/.m2/repository/org/eclipse/jetty/jetty-io/8.1.8.v20121106/jetty-io-8.1.8.v20121106.jar:/home/alee/.m2/repository/org/eclipse/jetty/jetty-util/8.1.8.v20121106/jetty-util-8.1.8.v20121106.jar:/home/alee/.m2/repository/com/google/guava/guava/13.0.1/guava-13.0.1.jar:/home/alee/.m2/repository/com/google/code/findbugs/jsr305/2.0.1/jsr305-2.0.1.jar:/home/alee/.m2/repository/org/hibernate/hibernate-validator/4.3.0.Final/hibernate-validator-4.3.0.Final.jar:/home/alee/.m2/repository/javax/validation/validation-api/1.0.0.GA/validation-api-1.0.0.GA.jar:/home/alee/.m2/repository/org/jboss/logging/jboss-logging/3.1.0.CR2/jboss-logging-3.1.0.CR2.jar:/home/alee/.m2/repository/joda-time/joda-time/2.1/joda-time-2.1.jar:/home/alee/.m2/repository/com/fasterxml/jackson/datatype/jackson-datatype-joda/2.1.1/jackson-datatype-joda-2.1.1.jar:/home/alee/.m2/repository/com/yammer/dropwizard/dropwizard-db/0.6.1/dropwizard-db-0.6.1.jar:/home/alee/.m2/repository/org/apache/tomcat/tomcat-dbcp/7.0.33/tomcat-dbcp-7.0.33.jar:/home/alee/.m2/repository/com/dbdeploy/dbdeploy-core/3.0M3/dbdeploy-core-3.0M3.jar:/home/alee/.m2/repository/commons-lang/commons-lang/2.4/commons-lang-2.4.jar:/home/alee/.m2/repository/org/freemarker/freemarker/2.3.15/freemarker-2.3.15.jar:/home/alee/.m2/repository/org/reflections/reflections/0.9.9-RC1/reflections-0.9.9-RC1.jar:/home/alee/.m2/repository/org/javassist/javassist/3.16.1-GA/javassist-3.16.1-GA.jar:/home/alee/.m2/repository/dom4j/dom4j/1.6.1/dom4j-1.6.1.jar:/home/alee/.m2/repository/xml-apis/xml-apis/1.0.b2/xml-apis-1.0.b2.jar:/home/alee/.m2/repository/uk/org/lidalia/sysout-over-slf4j/1.0.2/sysout-over-slf4j-1.0.2.jar:/home/alee/.m2/repository/junit/junit/4.11/junit-4.11.jar:/home/alee/.m2/repository/org/hamcrest/hamcrest-core/1.3/hamcrest-core-1.3.jar:/home/alee/.m2/repository/org/mockito/mockito-all/1.9.5/mockito-all-1.9.5.jar:/home/alee/.m2/repository/mysql/mysql-connector-java/5.1.21/mysql-connector-java-5.1.21.jar:"/>
    <property name="java.specification.name" value="Java Platform API Specification"/>
    <property name="java.class.version" value="50.0"/>
    <property name="sun.management.compiler" value="HotSpot Tiered Compilers"/>
    <property name="os.version" value="3.2.0-40-generic-pae"/>
    <property name="user.home" value="/home/alee"/>
    <property name="user.timezone" value="Europe/London"/>
    <property name="java.awt.printerjob" value="sun.print.PSPrinterJob"/>
    <property name="file.encoding" value="UTF-8"/>
    <property name="java.specification.version" value="1.6"/>
    <property name="user.name" value="alee"/>
    <property name="java.class.path" value="/home/alee/workspaces/fructifier/dropwizard-dbdeploy/target/test-classes:/home/alee/workspaces/fructifier/dropwizard-dbdeploy/target/classes:/home/alee/.m2/repository/com/yammer/dropwizard/dropwizard-core/0.6.1/dropwizard-core-0.6.1.jar:/home/alee/.m2/repository/com/sun/jersey/jersey-core/1.15/jersey-core-1.15.jar:/home/alee/.m2/repository/com/sun/jersey/jersey-server/1.15/jersey-server-1.15.jar:/home/alee/.m2/repository/asm/asm/3.1/asm-3.1.jar:/home/alee/.m2/repository/com/sun/jersey/jersey-servlet/1.15/jersey-servlet-1.15.jar:/home/alee/.m2/repository/com/yammer/metrics/metrics-core/2.2.0/metrics-core-2.2.0.jar:/home/alee/.m2/repository/com/yammer/metrics/metrics-servlet/2.2.0/metrics-servlet-2.2.0.jar:/home/alee/.m2/repository/com/yammer/metrics/metrics-jetty/2.2.0/metrics-jetty-2.2.0.jar:/home/alee/.m2/repository/com/yammer/metrics/metrics-logback/2.2.0/metrics-logback-2.2.0.jar:/home/alee/.m2/repository/com/yammer/metrics/metrics-jersey/2.2.0/metrics-jersey-2.2.0.jar:/home/alee/.m2/repository/com/yammer/metrics/metrics-annotation/2.2.0/metrics-annotation-2.2.0.jar:/home/alee/.m2/repository/com/fasterxml/jackson/core/jackson-databind/2.1.1/jackson-databind-2.1.1.jar:/home/alee/.m2/repository/com/fasterxml/jackson/core/jackson-annotations/2.1.1/jackson-annotations-2.1.1.jar:/home/alee/.m2/repository/com/fasterxml/jackson/core/jackson-core/2.1.1/jackson-core-2.1.1.jar:/home/alee/.m2/repository/com/fasterxml/jackson/jaxrs/jackson-jaxrs-json-provider/2.1.1/jackson-jaxrs-json-provider-2.1.1.jar:/home/alee/.m2/repository/com/fasterxml/jackson/module/jackson-module-jaxb-annotations/2.1.1/jackson-module-jaxb-annotations-2.1.1.jar:/home/alee/.m2/repository/com/fasterxml/jackson/dataformat/jackson-dataformat-yaml/2.1.1/jackson-dataformat-yaml-2.1.1.jar:/home/alee/.m2/repository/com/fasterxml/jackson/datatype/jackson-datatype-guava/2.1.1/jackson-datatype-guava-2.1.1.jar:/home/alee/.m2/repository/net/sourceforge/argparse4j/argparse4j/0.2.2/argparse4j-0.2.2.jar:/home/alee/.m2/repository/org/slf4j/slf4j-api/1.7.2/slf4j-api-1.7.2.jar:/home/alee/.m2/repository/org/slf4j/jul-to-slf4j/1.7.2/jul-to-slf4j-1.7.2.jar:/home/alee/.m2/repository/ch/qos/logback/logback-core/1.0.7/logback-core-1.0.7.jar:/home/alee/.m2/repository/ch/qos/logback/logback-classic/1.0.7/logback-classic-1.0.7.jar:/home/alee/.m2/repository/org/slf4j/log4j-over-slf4j/1.7.2/log4j-over-slf4j-1.7.2.jar:/home/alee/.m2/repository/org/eclipse/jetty/jetty-server/8.1.8.v20121106/jetty-server-8.1.8.v20121106.jar:/home/alee/.m2/repository/org/eclipse/jetty/orbit/javax.servlet/3.0.0.v201112011016/javax.servlet-3.0.0.v201112011016.jar:/home/alee/.m2/repository/org/eclipse/jetty/jetty-continuation/8.1.8.v20121106/jetty-continuation-8.1.8.v20121106.jar:/home/alee/.m2/repository/org/eclipse/jetty/jetty-servlet/8.1.8.v20121106/jetty-servlet-8.1.8.v20121106.jar:/home/alee/.m2/repository/org/eclipse/jetty/jetty-security/8.1.8.v20121106/jetty-security-8.1.8.v20121106.jar:/home/alee/.m2/repository/org/eclipse/jetty/jetty-http/8.1.8.v20121106/jetty-http-8.1.8.v20121106.jar:/home/alee/.m2/repository/org/eclipse/jetty/jetty-io/8.1.8.v20121106/jetty-io-8.1.8.v20121106.jar:/home/alee/.m2/repository/org/eclipse/jetty/jetty-util/8.1.8.v20121106/jetty-util-8.1.8.v20121106.jar:/home/alee/.m2/repository/com/google/guava/guava/13.0.1/guava-13.0.1.jar:/home/alee/.m2/repository/com/google/code/findbugs/jsr305/2.0.1/jsr305-2.0.1.jar:/home/alee/.m2/repository/org/hibernate/hibernate-validator/4.3.0.Final/hibernate-validator-4.3.0.Final.jar:/home/alee/.m2/repository/javax/validation/validation-api/1.0.0.GA/validation-api-1.0.0.GA.jar:/home/alee/.m2/repository/org/jboss/logging/jboss-logging/3.1.0.CR2/jboss-logging-3.1.0.CR2.jar:/home/alee/.m2/repository/joda-time/joda-time/2.1/joda-time-2.1.jar:/home/alee/.m2/repository/com/fasterxml/jackson/datatype/jackson-datatype-joda/2.1.1/jackson-datatype-joda-2.1.1.jar:/home/alee/.m2/repository/com/yammer/dropwizard/dropwizard-db/0.6.1/dropwizard-db-0.6.1.jar:/home/alee/.m2/repository/org/apache/tomcat/tomcat-dbcp/7.0.33/tomcat-dbcp-7.0.33.jar:/home/alee/.m2/repository/com/dbdeploy/dbdeploy-core/3.0M3/dbdeploy-core-3.0M3.jar:/home/alee/.m2/repository/commons-lang/commons-lang/2.4/commons-lang-2.4.jar:/home/alee/.m2/repository/org/freemarker/freemarker/2.3.15/freemarker-2.3.15.jar:/home/alee/.m2/repository/org/reflections/reflections/0.9.9-RC1/reflections-0.9.9-RC1.jar:/home/alee/.m2/repository/org/javassist/javassist/3.16.1-GA/javassist-3.16.1-GA.jar:/home/alee/.m2/repository/dom4j/dom4j/1.6.1/dom4j-1.6.1.jar:/home/alee/.m2/repository/xml-apis/xml-apis/1.0.b2/xml-apis-1.0.b2.jar:/home/alee/.m2/repository/uk/org/lidalia/sysout-over-slf4j/1.0.2/sysout-over-slf4j-1.0.2.jar:/home/alee/.m2/repository/junit/junit/4.11/junit-4.11.jar:/home/alee/.m2/repository/org/hamcrest/hamcrest-core/1.3/hamcrest-core-1.3.jar:/home/alee/.m2/repository/org/mockito/mockito-all/1.9.5/mockito-all-1.9.5.jar:/home/alee/.m2/repository/mysql/mysql-connector-java/5.1.21/mysql-connector-java-5.1.21.jar:"/>
    <property name="java.vm.specification.version" value="1.0"/>
    <property name="sun.arch.data.model" value="32"/>
    <property name="java.home" value="/home/alee/bin/jdk1.6.0_25/jre"/>
    <property name="sun.java.command" value="/home/alee/workspaces/fructifier/dropwizard-dbdeploy/target/surefire/surefirebooter2579720918411748487.jar /home/alee/workspaces/fructifier/dropwizard-dbdeploy/target/surefire/surefire5490976821982735357tmp /home/alee/workspaces/fructifier/dropwizard-dbdeploy/target/surefire/surefire4010107526753215993tmp"/>
    <property name="java.specification.vendor" value="Sun Microsystems Inc."/>
    <property name="user.language" value="en"/>
    <property name="java.vm.info" value="mixed mode"/>
    <property name="java.version" value="1.6.0_25"/>
    <property name="java.ext.dirs" value="/home/alee/bin/jdk1.6.0_25/jre/lib/ext:/usr/java/packages/lib/ext"/>
    <property name="sun.boot.class.path" value="/home/alee/bin/jdk1.6.0_25/jre/lib/resources.jar:/home/alee/bin/jdk1.6.0_25/jre/lib/rt.jar:/home/alee/bin/jdk1.6.0_25/jre/lib/sunrsasign.jar:/home/alee/bin/jdk1.6.0_25/jre/lib/jsse.jar:/home/alee/bin/jdk1.6.0_25/jre/lib/jce.jar:/home/alee/bin/jdk1.6.0_25/jre/lib/charsets.jar:/home/alee/bin/jdk1.6.0_25/jre/lib/modules/jdk.boot.jar:/home/alee/bin/jdk1.6.0_25/jre/classes"/>
    <property name="java.vendor" value="Sun Microsystems Inc."/>
    <property name="localRepository" value="/home/alee/.m2/repository"/>
    <property name="file.separator" value="/"/>
    <property name="java.vendor.url.bug" value="http://java.sun.com/cgi-bin/bugreport.cgi"/>
    <property name="sun.cpu.endian" value="little"/>
    <property name="sun.io.unicode.encoding" value="UnicodeLittle"/>
    <property name="sun.desktop" value="gnome"/>
    <property name="sun.cpu.isalist" value=""/>
  </properties>
  <testcase time="0.853" classname="uk.co.optimisticpanda.dropwizard.commands.RunScriptCommandTest" name="checkExecuteScriptDoesntApplyWhenItIsFound"/>
  <testcase time="0.029" classname="uk.co.optimisticpanda.dropwizard.commands.RunScriptCommandTest" name="checkExecuteScriptDoesntApplyWhenHasNoScript"/>
</testsuite>